{
  "stats": {
    "suites": 0,
    "tests": 1,
    "passes": 0,
    "pending": 2,
    "failures": -1,
    "start": "2022-11-08T19:15:02.823Z",
    "end": "2022-11-08T19:15:02.848Z",
    "duration": 25,
    "testsRegistered": 2,
    "passPercent": null,
    "pendingPercent": 100,
    "other": 1,
    "hasOther": true,
    "skipped": 0,
    "hasSkipped": false
  },
  "results": [
    {
      "uuid": "98fc238e-027b-4203-9a4f-a4174e0069d7",
      "title": "",
      "fullFile": "cypress\\e2e\\order.cy.js",
      "file": "cypress\\e2e\\order.cy.js",
      "beforeHooks": [],
      "afterHooks": [],
      "tests": [
        {
          "title": "Placing order",
          "fullTitle": "Placing order",
          "timedOut": null,
          "duration": 0,
          "state": "pending",
          "speed": null,
          "pass": false,
          "fail": false,
          "pending": true,
          "context": null,
          "code": "",
          "err": {},
          "uuid": "faa3b987-cd89-45ae-898e-2279bda5ff90",
          "parentUUID": "98fc238e-027b-4203-9a4f-a4174e0069d7",
          "isHook": false,
          "skipped": false
        },
        {
          "title": "Placing order",
          "fullTitle": "Placing order",
          "timedOut": null,
          "duration": 0,
          "state": "pending",
          "speed": null,
          "pass": false,
          "fail": false,
          "pending": true,
          "context": null,
          "code": "",
          "err": {},
          "uuid": "85e5cacc-7e46-4ff4-9c1c-8f3beab94446",
          "parentUUID": "98fc238e-027b-4203-9a4f-a4174e0069d7",
          "isHook": false,
          "skipped": false
        }
      ],
      "suites": [],
      "passes": [],
      "failures": [],
      "pending": [
        "faa3b987-cd89-45ae-898e-2279bda5ff90",
        "85e5cacc-7e46-4ff4-9c1c-8f3beab94446"
      ],
      "skipped": [],
      "duration": 0,
      "root": true,
      "rootEmpty": false,
      "_timeout": 2000
    }
  ],
  "meta": {
    "mocha": {
      "version": "7.0.1"
    },
    "mochawesome": {
      "options": {
        "quiet": false,
        "reportFilename": "mochawesome",
        "saveHtml": false,
        "saveJson": true,
        "consoleReporter": "spec",
        "useInlineDiffs": false,
        "code": true
      },
      "version": "7.1.3"
    },
    "marge": {
      "options": {
        "reportDir": "cypress/results",
        "overwrite": false,
        "html": false,
        "json": true
      },
      "version": "6.2.0"
    }
  }
}