{
  "stats": {
    "suites": 0,
    "tests": 1,
    "passes": 0,
    "pending": 0,
    "failures": 1,
    "start": "2022-11-08T19:14:33.912Z",
    "end": "2022-11-08T19:14:40.558Z",
    "duration": 6646,
    "testsRegistered": 1,
    "passPercent": 0,
    "pendingPercent": 0,
    "other": 0,
    "hasOther": false,
    "skipped": 0,
    "hasSkipped": false
  },
  "results": [
    {
      "uuid": "535d6e31-b504-45b6-9690-5fcf44bb909c",
      "title": "",
      "fullFile": "cypress\\e2e\\authorization.cy.js",
      "file": "cypress\\e2e\\authorization.cy.js",
      "beforeHooks": [],
      "afterHooks": [],
      "tests": [
        {
          "title": "Login",
          "fullTitle": "Login",
          "timedOut": null,
          "duration": 6558,
          "state": "failed",
          "speed": null,
          "pass": false,
          "fail": true,
          "pending": false,
          "context": null,
          "code": "cy.visit('/index.php?rt=account/login');\ncy.get('#loginFrm_loginname').type(_user.default.userName);\ncy.get('#loginFrm_password').type(_user.default.password); // wrong locator Login8888 (correct - Login)\ncy.get('button[title=\"Login8888\"]').click();\ncy.get('h1.heading1').should('contain', _user.default.firstName).and('contain', ' My Account');\ncy.getCookie('AC_SF_8CEFDA09D5').should('exist');",
          "err": {
            "message": "AssertionError: Timed out retrying after 4000ms: Expected to find element: `button[title=\"Login8888\"]`, but never found it.",
            "estack": "AssertionError: Timed out retrying after 4000ms: Expected to find element: `button[title=\"Login8888\"]`, but never found it.\n    at Context.eval (webpack:///./cypress/e2e/authorization.cy.js:12:7)",
            "diff": null
          },
          "uuid": "cd50ed6c-3388-43fd-931a-c9fd297daf8b",
          "parentUUID": "535d6e31-b504-45b6-9690-5fcf44bb909c",
          "isHook": false,
          "skipped": false
        }
      ],
      "suites": [],
      "passes": [],
      "failures": [
        "cd50ed6c-3388-43fd-931a-c9fd297daf8b"
      ],
      "pending": [],
      "skipped": [],
      "duration": 6558,
      "root": true,
      "rootEmpty": false,
      "_timeout": 2000
    }
  ],
  "meta": {
    "mocha": {
      "version": "7.0.1"
    },
    "mochawesome": {
      "options": {
        "quiet": false,
        "reportFilename": "mochawesome",
        "saveHtml": false,
        "saveJson": true,
        "consoleReporter": "spec",
        "useInlineDiffs": false,
        "code": true
      },
      "version": "7.1.3"
    },
    "marge": {
      "options": {
        "reportDir": "cypress/results",
        "overwrite": false,
        "html": false,
        "json": true
      },
      "version": "6.2.0"
    }
  }
}