{
  "stats": {
    "suites": 2,
    "tests": 5,
    "passes": 5,
    "pending": 0,
    "failures": 0,
    "start": "2022-11-08T19:14:44.227Z",
    "end": "2022-11-08T19:14:51.443Z",
    "duration": 7216,
    "testsRegistered": 5,
    "passPercent": 100,
    "pendingPercent": 0,
    "other": 0,
    "hasOther": false,
    "skipped": 0,
    "hasSkipped": false
  },
  "results": [
    {
      "uuid": "ea3990fa-2576-4c19-821d-e056f2b45764",
      "title": "",
      "fullFile": "cypress\\e2e\\authorizationPageObject.cy.js",
      "file": "cypress\\e2e\\authorizationPageObject.cy.js",
      "beforeHooks": [],
      "afterHooks": [],
      "tests": [],
      "suites": [
        {
          "uuid": "76129baa-f641-4db9-a3a1-82fc01ad1f86",
          "title": "Positive cases",
          "fullFile": "",
          "file": "",
          "beforeHooks": [],
          "afterHooks": [],
          "tests": [
            {
              "title": "Login",
              "fullTitle": "Positive cases Login",
              "timedOut": null,
              "duration": 2875,
              "state": "passed",
              "speed": "fast",
              "pass": true,
              "fail": false,
              "pending": false,
              "context": null,
              "code": "_AuthorizationPage.default.visit();\n_AuthorizationPage.default.submitLoginForm(_user.default.userName, _user.default.password);\n_AccountPage.default.getUserNameFromHeading().should('contain', _user.default.firstName).and('contain', ' My Account');\ncy.getCookie('AC_SF_8CEFDA09D5').should('exist');",
              "err": {},
              "uuid": "add81da2-8742-4f30-b9a7-ecad256891b0",
              "parentUUID": "76129baa-f641-4db9-a3a1-82fc01ad1f86",
              "isHook": false,
              "skipped": false
            },
            {
              "title": "Test inheritance",
              "fullTitle": "Positive cases Test inheritance",
              "timedOut": null,
              "duration": 591,
              "state": "passed",
              "speed": "fast",
              "pass": true,
              "fail": false,
              "pending": false,
              "context": null,
              "code": "_AuthorizationPage.default.visit();\n_AuthorizationPage.default.performSearch('i');",
              "err": {},
              "uuid": "8568ba19-c480-4d7d-95b7-209d946bc3e0",
              "parentUUID": "76129baa-f641-4db9-a3a1-82fc01ad1f86",
              "isHook": false,
              "skipped": false
            }
          ],
          "suites": [],
          "passes": [
            "add81da2-8742-4f30-b9a7-ecad256891b0",
            "8568ba19-c480-4d7d-95b7-209d946bc3e0"
          ],
          "failures": [],
          "pending": [],
          "skipped": [],
          "duration": 3466,
          "root": false,
          "rootEmpty": false,
          "_timeout": 2000
        },
        {
          "uuid": "da8502a1-bd32-4106-9086-8d14f0b853a9",
          "title": "Negative cases",
          "fullFile": "",
          "file": "",
          "beforeHooks": [],
          "afterHooks": [],
          "tests": [
            {
              "title": "Non existent user",
              "fullTitle": "Negative cases Non existent user",
              "timedOut": null,
              "duration": 1361,
              "state": "passed",
              "speed": "fast",
              "pass": true,
              "fail": false,
              "pending": false,
              "context": null,
              "code": "_AuthorizationPage.default.visit();\n_AuthorizationPage.default.submitLoginForm('notausername', 'blabla');\n_AuthorizationPage.default.getValidationErrorMessage().should('contain', 'Error: Incorrect login or password provided.');\n_AuthorizationPage.default.checkForLoginUrl();",
              "err": {},
              "uuid": "e84f6784-cd3e-4eae-bd2a-d994a26a3aa1",
              "parentUUID": "da8502a1-bd32-4106-9086-8d14f0b853a9",
              "isHook": false,
              "skipped": false
            },
            {
              "title": "Existing user, wrong pass",
              "fullTitle": "Negative cases Existing user, wrong pass",
              "timedOut": null,
              "duration": 1553,
              "state": "passed",
              "speed": "fast",
              "pass": true,
              "fail": false,
              "pending": false,
              "context": null,
              "code": "_AuthorizationPage.default.visit();\n_AuthorizationPage.default.submitLoginForm(_user.default.userName, 'blabla');\n_AuthorizationPage.default.getValidationErrorMessage().should('contain', 'Error: Incorrect login or password provided.');\n_AuthorizationPage.default.checkForLoginUrl();",
              "err": {},
              "uuid": "0c9d19a9-9996-40be-bde1-15c9b32b6098",
              "parentUUID": "da8502a1-bd32-4106-9086-8d14f0b853a9",
              "isHook": false,
              "skipped": false
            },
            {
              "title": "Empty fields",
              "fullTitle": "Negative cases Empty fields",
              "timedOut": null,
              "duration": 743,
              "state": "passed",
              "speed": "fast",
              "pass": true,
              "fail": false,
              "pending": false,
              "context": null,
              "code": "_AuthorizationPage.default.visit();\n_AuthorizationPage.default.getLoginButton().click();\n_AuthorizationPage.default.getValidationErrorMessage().should('contain', 'Error: Incorrect login or password provided.');\n_AuthorizationPage.default.checkForLoginUrl();",
              "err": {},
              "uuid": "25ea3a13-6fd6-460d-b6de-a40c2419455f",
              "parentUUID": "da8502a1-bd32-4106-9086-8d14f0b853a9",
              "isHook": false,
              "skipped": false
            }
          ],
          "suites": [],
          "passes": [
            "e84f6784-cd3e-4eae-bd2a-d994a26a3aa1",
            "0c9d19a9-9996-40be-bde1-15c9b32b6098",
            "25ea3a13-6fd6-460d-b6de-a40c2419455f"
          ],
          "failures": [],
          "pending": [],
          "skipped": [],
          "duration": 3657,
          "root": false,
          "rootEmpty": false,
          "_timeout": 2000
        }
      ],
      "passes": [],
      "failures": [],
      "pending": [],
      "skipped": [],
      "duration": 0,
      "root": true,
      "rootEmpty": true,
      "_timeout": 2000
    }
  ],
  "meta": {
    "mocha": {
      "version": "7.0.1"
    },
    "mochawesome": {
      "options": {
        "quiet": false,
        "reportFilename": "mochawesome",
        "saveHtml": false,
        "saveJson": true,
        "consoleReporter": "spec",
        "useInlineDiffs": false,
        "code": true
      },
      "version": "7.1.3"
    },
    "marge": {
      "options": {
        "reportDir": "cypress/results",
        "overwrite": false,
        "html": false,
        "json": true
      },
      "version": "6.2.0"
    }
  }
}